- Session info ---------------------------------------------------------------
 setting  value
 version  R version 4.1.2 (2021-11-01)
 os       Windows 10 x64 (build 19044)
 system   x86_64, mingw32
 ui       RTerm
 language (EN)
 collate  English_United States.1252
 ctype    English_United States.1252
 tz       America/New_York
 date     2022-12-08
 pandoc   NA

- Packages -------------------------------------------------------------------
 package         * version    date (UTC) lib source
 abind             1.4-5      2016-07-21 [1] CRAN (R 4.1.1)
 assertthat        0.2.1      2019-03-21 [1] CRAN (R 4.1.2)
 cli               3.3.0      2022-04-25 [1] CRAN (R 4.1.3)
 cluster           2.1.3      2022-03-28 [1] CRAN (R 4.1.3)
 codetools         0.2-18     2020-11-04 [1] CRAN (R 4.1.2)
 colorspace        2.0-3      2022-02-21 [1] CRAN (R 4.1.3)
 cowplot           1.1.1      2020-12-30 [1] CRAN (R 4.1.2)
 data.table        1.14.2     2021-09-27 [1] CRAN (R 4.1.2)
 DBI               1.1.3      2022-06-18 [1] CRAN (R 4.1.3)
 deldir            1.0-6      2021-10-23 [1] CRAN (R 4.1.1)
 digest            0.6.29     2021-12-01 [1] CRAN (R 4.1.2)
 dplyr           * 1.0.9      2022-04-28 [1] CRAN (R 4.1.3)
 ellipsis          0.3.2      2021-04-29 [1] CRAN (R 4.1.2)
 fansi             0.5.0      2021-05-25 [1] CRAN (R 4.1.2)
 farver            2.1.1      2022-07-06 [1] CRAN (R 4.1.3)
 fastmap           1.1.0      2021-01-25 [1] CRAN (R 4.1.2)
 fitdistrplus      1.1-8      2022-03-10 [1] CRAN (R 4.1.3)
 future            1.28.0     2022-09-02 [1] CRAN (R 4.1.3)
 future.apply      1.9.1      2022-09-07 [1] CRAN (R 4.1.3)
 generics          0.1.3      2022-07-05 [1] CRAN (R 4.1.3)
 ggplot2           3.3.6      2022-05-03 [1] CRAN (R 4.1.3)
 ggrepel           0.9.1      2021-01-15 [1] CRAN (R 4.1.2)
 ggridges          0.5.3      2021-01-08 [1] CRAN (R 4.1.2)
 globals           0.16.1     2022-08-28 [1] CRAN (R 4.1.3)
 glue              1.6.2      2022-02-24 [1] CRAN (R 4.1.3)
 goftest           1.2-3      2021-10-07 [1] CRAN (R 4.1.1)
 gridExtra         2.3        2017-09-09 [1] CRAN (R 4.1.2)
 gtable            0.3.1      2022-09-01 [1] CRAN (R 4.1.3)
 htmltools         0.5.3      2022-07-18 [1] CRAN (R 4.1.3)
 htmlwidgets       1.5.4      2021-09-08 [1] CRAN (R 4.1.2)
 httpuv            1.6.5      2022-01-05 [1] CRAN (R 4.1.3)
 httr              1.4.4      2022-08-17 [1] CRAN (R 4.1.3)
 ica               1.0-3      2022-07-08 [1] CRAN (R 4.1.3)
 igraph            1.3.5      2022-09-22 [1] CRAN (R 4.1.3)
 irlba             2.3.5      2021-12-06 [1] CRAN (R 4.1.2)
 jsonlite          1.8.0      2022-02-22 [1] CRAN (R 4.1.3)
 KernSmooth        2.23-20    2021-05-03 [1] CRAN (R 4.1.2)
 labeling          0.4.2      2020-10-20 [1] CRAN (R 4.1.1)
 later             1.3.0      2021-08-18 [1] CRAN (R 4.1.2)
 lattice           0.20-45    2021-09-22 [1] CRAN (R 4.1.2)
 lazyeval          0.2.2      2019-03-15 [1] CRAN (R 4.1.2)
 leiden            0.4.3      2022-09-10 [1] CRAN (R 4.1.3)
 lifecycle         1.0.2      2022-09-09 [1] CRAN (R 4.1.3)
 listenv           0.8.0      2019-12-05 [1] CRAN (R 4.1.2)
 lmtest            0.9-40     2022-03-21 [1] CRAN (R 4.1.3)
 magrittr          2.0.1      2020-11-17 [1] CRAN (R 4.1.2)
 MASS              7.3-58     2022-07-14 [1] CRAN (R 4.1.3)
 Matrix            1.5-1      2022-09-13 [1] CRAN (R 4.1.3)
 matrixStats       0.62.0     2022-04-19 [1] CRAN (R 4.1.3)
 mgcv              1.8-40     2022-03-29 [1] CRAN (R 4.1.3)
 mime              0.12       2021-09-28 [1] CRAN (R 4.1.1)
 miniUI            0.1.1.1    2018-05-18 [1] CRAN (R 4.1.2)
 munsell           0.5.0      2018-06-12 [1] CRAN (R 4.1.2)
 nlme              3.1-158    2022-06-15 [1] CRAN (R 4.1.3)
 parallelly        1.32.1     2022-07-21 [1] CRAN (R 4.1.3)
 patchwork         1.1.2      2022-08-19 [1] CRAN (R 4.1.3)
 pbapply           1.5-0      2021-09-16 [1] CRAN (R 4.1.2)
 pillar            1.8.1      2022-08-19 [1] CRAN (R 4.1.3)
 pkgconfig         2.0.3      2019-09-22 [1] CRAN (R 4.1.2)
 plotly            4.10.0     2021-10-09 [1] CRAN (R 4.1.2)
 plyr              1.8.7      2022-03-24 [1] CRAN (R 4.1.3)
 png               0.1-7      2013-12-03 [1] CRAN (R 4.1.1)
 polyclip          1.10-0     2019-03-14 [1] CRAN (R 4.1.1)
 progressr         0.11.0     2022-09-02 [1] CRAN (R 4.1.3)
 promises          1.2.0.1    2021-02-11 [1] CRAN (R 4.1.2)
 purrr             0.3.4      2020-04-17 [1] CRAN (R 4.1.2)
 R6                2.5.1      2021-08-19 [1] CRAN (R 4.1.2)
 RANN              2.6.1      2019-01-08 [1] CRAN (R 4.1.2)
 RColorBrewer      1.1-3      2022-04-03 [1] CRAN (R 4.1.3)
 Rcpp              1.0.9      2022-07-08 [1] CRAN (R 4.1.3)
 RcppAnnoy         0.0.19     2021-07-30 [1] CRAN (R 4.1.2)
 reshape2          1.4.4      2020-04-09 [1] CRAN (R 4.1.2)
 reticulate        1.26       2022-08-31 [1] CRAN (R 4.1.3)
 rgeos             0.5-9      2021-12-15 [1] CRAN (R 4.1.3)
 rlang             1.0.5      2022-08-31 [1] CRAN (R 4.1.3)
 ROCR              1.0-11     2020-05-02 [1] CRAN (R 4.1.2)
 rpart             4.1.16     2022-01-24 [1] CRAN (R 4.1.3)
 Rtsne             0.16       2022-04-17 [1] CRAN (R 4.1.3)
 scales            1.2.1      2022-08-20 [1] CRAN (R 4.1.3)
 scattermore       0.8        2022-02-14 [1] CRAN (R 4.1.3)
 sctransform       0.3.5      2022-09-21 [1] CRAN (R 4.1.3)
 sessioninfo     * 1.2.2      2021-12-06 [1] CRAN (R 4.1.3)
 Seurat          * 4.1.1.9006 2022-09-23 [1] Github (satijalab/seurat@c53699b)
 SeuratObject    * 4.1.2      2022-09-20 [1] CRAN (R 4.1.3)
 shiny             1.7.2      2022-07-19 [1] CRAN (R 4.1.3)
 sp              * 1.5-0      2022-06-05 [1] CRAN (R 4.1.3)
 spatstat.core     2.4-4      2022-05-18 [1] CRAN (R 4.1.3)
 spatstat.data     3.0-0      2022-10-21 [1] CRAN (R 4.1.3)
 spatstat.geom     2.4-0      2022-03-29 [1] CRAN (R 4.1.3)
 spatstat.random   2.2-0      2022-03-30 [1] CRAN (R 4.1.3)
 spatstat.sparse   2.1-1      2022-04-18 [1] CRAN (R 4.1.3)
 spatstat.utils    3.0-1      2022-10-19 [1] CRAN (R 4.1.3)
 stringi           1.7.6      2021-11-29 [1] CRAN (R 4.1.2)
 stringr           1.4.1      2022-08-20 [1] CRAN (R 4.1.3)
 survival          3.3-1      2022-03-03 [1] CRAN (R 4.1.3)
 tensor            1.5        2012-05-05 [1] CRAN (R 4.1.1)
 tibble            3.1.8      2022-07-22 [1] CRAN (R 4.1.2)
 tidyr             1.2.1      2022-09-08 [1] CRAN (R 4.1.3)
 tidyselect        1.1.2      2022-02-21 [1] CRAN (R 4.1.3)
 utf8              1.2.2      2021-07-24 [1] CRAN (R 4.1.2)
 uwot              0.1.14     2022-08-22 [1] CRAN (R 4.1.3)
 vctrs             0.4.1      2022-04-13 [1] CRAN (R 4.1.3)
 viridisLite       0.4.1      2022-08-22 [1] CRAN (R 4.1.3)
 xtable            1.8-4      2019-04-21 [1] CRAN (R 4.1.2)
 zoo               1.8-11     2022-09-17 [1] CRAN (R 4.1.3)

 [1] C:/Program Files/R/R-4.1.2/library

------------------------------------------------------------------------------
